Grammar

    0 $accept: list $end

    1 list: item
    2     | list item

    3 item: UPPER
    4     | LOWER
    5     | WORD
    6     | NEWLINE
    7     | CHAR


Terminals, with rules where they appear

$end (0) 0
error (256)
UPPER (258) 3
LOWER (259) 4
WORD (260) 5
NEWLINE (261) 6
CHAR (262) 7


Nonterminals, with rules where they appear

$accept (8)
    on left: 0
list (9)
    on left: 1 2, on right: 0 2
item (10)
    on left: 3 4 5 6 7, on right: 1 2


State 0

    0 $accept: . list $end

    UPPER    shift, and go to state 1
    LOWER    shift, and go to state 2
    WORD     shift, and go to state 3
    NEWLINE  shift, and go to state 4
    CHAR     shift, and go to state 5

    list  go to state 6
    item  go to state 7


State 1

    3 item: UPPER .

    $default  reduce using rule 3 (item)


State 2

    4 item: LOWER .

    $default  reduce using rule 4 (item)


State 3

    5 item: WORD .

    $default  reduce using rule 5 (item)


State 4

    6 item: NEWLINE .

    $default  reduce using rule 6 (item)


State 5

    7 item: CHAR .

    $default  reduce using rule 7 (item)


State 6

    0 $accept: list . $end
    2 list: list . item

    $end     shift, and go to state 8
    UPPER    shift, and go to state 1
    LOWER    shift, and go to state 2
    WORD     shift, and go to state 3
    NEWLINE  shift, and go to state 4
    CHAR     shift, and go to state 5

    item  go to state 9


State 7

    1 list: item .

    $default  reduce using rule 1 (list)


State 8

    0 $accept: list $end .

    $default  accept


State 9

    2 list: list item .

    $default  reduce using rule 2 (list)
